[0m[[0m[0mdebug[0m] [0m[0m> Exec(run, Some(57678c1e-4cfb-46f6-965a-76771f1dca63), Some(CommandSource(console0)))[0m
[0m[[0m[0mdebug[0m] [0m[0mEvaluating tasks: Compile / run[0m
[0m[[0m[0mdebug[0m] [0m[0mRunning task... Cancel: Signal, check cycles: false, forcegc: true[0m
[0m[[0m[0minfo[0m] [0m[0mUpdating [0m
[0m[[0m[0minfo[0m] [0m[0mResolved  dependencies[0m
[0m[[0m[0minfo[0m] [0m[0mUpdating [0m
[0m[[0m[0minfo[0m] [0m[0mResolved  dependencies[0m
[0m[[0m[0minfo[0m] [0m[0mFetching artifacts of [0m
[0m[[0m[0minfo[0m] [0m[0mFetched artifacts of [0m
[0m[[0m[0minfo[0m] [0m[0mcompiling 4 Scala sources to /Users/ammu/Desktop/Scala/hello-world/target/scala-2.11/classes ...[0m
[0m[[0m[0minfo[0m] [0m[0mNon-compiled module 'compiler-bridge_2.11' for Scala 2.11.12. Compiling...[0m
[0m[[0m[0minfo[0m] [0m[0m  Compilation completed in 7.878s.[0m
[0m[[0m[31merror[0m] [0m[0m/Users/ammu/Desktop/Scala/hello-world/src/main/scala/MatrixMultiplySpark.scala:7:25: object mllib is not a member of package org.apache.spark[0m
[0m[[0m[31merror[0m] [0m[0mimport org.apache.spark.mllib.linalg.DenseMatrix[0m
[0m[[0m[31merror[0m] [0m[0m                        ^[0m
[0m[[0m[31merror[0m] [0m[0m/Users/ammu/Desktop/Scala/hello-world/src/main/scala/MatrixMultiplySpark.scala:16:59: not found: type DenseMatrix[0m
[0m[[0m[31merror[0m] [0m[0m		def random2dArray(dim1: Int, dim2: Int, maxValue: Int): DenseMatrix= {[0m
[0m[[0m[31merror[0m] [0m[0m		                                                        ^[0m
[0m[[0m[31merror[0m] [0m[0m/Users/ammu/Desktop/Scala/hello-world/src/main/scala/MatrixMultiplySpark.scala:17:8: not found: type DenseMatrix[0m
[0m[[0m[31merror[0m] [0m[0m			new DenseMatrix(dim1, dim2, Array.fill(dim1 * dim2)(random.nextInt(maxValue)))[0m
[0m[[0m[31merror[0m] [0m[0m			    ^[0m
[0m[[0m[31merror[0m] [0m[0m/Users/ammu/Desktop/Scala/hello-world/src/main/scala/MatrixMultiplySpark.scala:36:4: not found: value result[0m
[0m[[0m[31merror[0m] [0m[0m			result = arrayOne.multiply(arrayTwo)[0m
[0m[[0m[31merror[0m] [0m[0m			^[0m
[0m[[0m[31merror[0m] [0m[0mfour errors found[0m
[0m[[0m[31merror[0m] [0m[0m(Compile / [31mcompileIncremental[0m) Compilation failed[0m
[0m[[0m[31merror[0m] [0m[0mTotal time: 22 s, completed Apr 30, 2021, 6:30:40 PM[0m
[0m[[0m[0mdebug[0m] [0m[0m> Exec(shell, None, None)[0m
[0m[[0m[0minfo[0m] [0m[0mshutting down sbt server[0m
